<?xml version="1.0" encoding="UTF-8"?>
<!-- Generated by org.testng.reporters.JUnitReportReporter -->
<testsuite hostname="Tejaswi" failures="0" tests="1" name="amazon.ProjectOne.Testcase3_for_Loginfails" time="8.480" errors="0" timestamp="2024-09-23T22:30:55 CDT" skipped="0">
  <testcase classname="amazon.ProjectOne.Testcase3_for_Loginfails" name="loginwithincorrect" time="8.480"/>
  <system-out>
    <![CDATA[Test case is pass]]>
  </system-out>
</testsuite> <!-- amazon.ProjectOne.Testcase3_for_Loginfails -->
