<?xml version="1.0" encoding="UTF-8"?>
<!-- Generated by org.testng.reporters.JUnitReportReporter -->
<testsuite hostname="Tejaswi" failures="0" tests="1" name="amazon.ProjectOne.Testcase9_addingToCart" time="14.382" errors="0" timestamp="2024-09-23T22:30:55 CDT" skipped="0">
  <testcase classname="amazon.ProjectOne.Testcase9_addingToCart" name="addingtocart" time="14.382"/>
  <system-out>
    <![CDATA[Test case is pass]]>
  </system-out>
</testsuite> <!-- amazon.ProjectOne.Testcase9_addingToCart -->
