<?xml version="1.0" encoding="UTF-8"?>
<!-- Generated by org.testng.reporters.JUnitReportReporter -->
<testsuite hostname="Tejaswi" failures="0" tests="2" name="amazon.ProjectOne.Testcase1_for_RegisterNewUser" time="20.919" errors="0" timestamp="2024-09-23T22:30:55 CDT" skipped="1">
  <testcase classname="amazon.ProjectOne.Testcase1_for_RegisterNewUser" name="register" time="9.675"/>
  <system-out>
    <![CDATA[Test case is pass]]>
  </system-out>
  <testcase classname="amazon.ProjectOne.Testcase1_for_RegisterNewUser" name="register" time="11.244">
    <skipped/>
  </testcase> <!-- register -->
  <system-out/>
</testsuite> <!-- amazon.ProjectOne.Testcase1_for_RegisterNewUser -->
